<!--
  ~ Copyright 2009 Aleksandar Seovic
  ~
  ~ Licensed under the Apache License, Version 2.0 (the "License");
  ~ you may not use this file except in compliance with the License.
  ~ You may obtain a copy of the License at
  ~
  ~     http://www.apache.org/licenses/LICENSE-2.0
  ~
  ~ Unless required by applicable law or agreed to in writing, software
  ~ distributed under the License is distributed on an "AS IS" BASIS,
  ~ WITHOUT WARRANTIES OR CONDITIONS OF ANY KIND, either express or implied.
  ~ See the License for the specific language governing permissions and
  ~ limitations under the License.
  -->

<!DOCTYPE pof-config SYSTEM "pof-config.dtd">

<pof-config>
  <user-type-list>
  	<include>coherence-tools-pof-config.xml</include>

    <user-type>
      <type-id>1001</type-id>
      <class-name>com.seovic.test.objects.Address</class-name>
    </user-type>
    <user-type>
      <type-id>1002</type-id>
      <class-name>com.seovic.test.objects.City</class-name>
    </user-type>
    <user-type>
      <type-id>1003</type-id>
      <class-name>com.seovic.test.objects.Country</class-name>
    </user-type>
    <user-type>
      <type-id>1004</type-id>
      <class-name>com.seovic.test.objects.Person</class-name>
    </user-type>

  </user-type-list>
</pof-config>
